{
  "RSpec": {
    "coverage": {
      "/Users/jordanmanu/Makers-course/Week-5/makers_bnb/spec/availability_spec.rb": {
        "lines": [
          1,
          1,
          null,
          null,
          1,
          null,
          2,
          null,
          1,
          1,
          1,
          null,
          1,
          null,
          1,
          null,
          1,
          null,
          null,
          null,
          1,
          1,
          1,
          1,
          null,
          1,
          1,
          1,
          null,
          null,
          null
        ]
      },
      "/Users/jordanmanu/Makers-course/Week-5/makers_bnb/spec/database_helper.rb": {
        "lines": [
          1,
          1,
          null,
          1,
          2,
          2,
          null
        ]
      },
      "/Users/jordanmanu/Makers-course/Week-5/makers_bnb/spec/database_connection_spec.rb": {
        "lines": [
          1,
          1,
          null,
          1,
          1,
          1,
          1,
          1,
          null,
          null,
          1,
          1,
          1,
          null,
          null,
          null,
          1,
          1,
          1,
          1,
          1,
          null,
          null,
          null
        ]
      },
      "/Users/jordanmanu/Makers-course/Week-5/makers_bnb/spec/features/authentication_spec.rb": {
        "lines": [
          1,
          1,
          1,
          null,
          1,
          1,
          1,
          1,
          null,
          1,
          null,
          null,
          null,
          1,
          1,
          null,
          1,
          1,
          1,
          1,
          null,
          1,
          1,
          null,
          null,
          1,
          1,
          null,
          1,
          1,
          1,
          1,
          null,
          1,
          1,
          null,
          null
        ]
      },
      "/Users/jordanmanu/Makers-course/Week-5/makers_bnb/spec/features/available_dates_spec.rb": {
        "lines": [
          1,
          null,
          null,
          null,
          null,
          null,
          null,
          null,
          null,
          null,
          null,
          1,
          1,
          1,
          1,
          1,
          1,
          1,
          null,
          1,
          null,
          null,
          null
        ]
      },
      "/Users/jordanmanu/Makers-course/Week-5/makers_bnb/spec/features/description_on_space_spec.rb": {
        "lines": [
          1,
          1,
          1,
          1,
          1,
          1,
          1,
          1,
          null,
          null
        ]
      },
      "/Users/jordanmanu/Makers-course/Week-5/makers_bnb/spec/features/name_on_space_spec.rb": {
        "lines": [
          1,
          1,
          1,
          1,
          1,
          1,
          1,
          1,
          null,
          null
        ]
      },
      "/Users/jordanmanu/Makers-course/Week-5/makers_bnb/spec/features/price_on_space_spec.rb": {
        "lines": [
          1,
          1,
          1,
          1,
          1,
          1,
          1,
          1,
          null,
          null
        ]
      },
      "/Users/jordanmanu/Makers-course/Week-5/makers_bnb/spec/features/user_sign_out_spec.rb": {
        "lines": [
          1,
          1,
          1,
          1,
          1,
          1,
          1,
          1,
          1,
          null,
          null
        ]
      },
      "/Users/jordanmanu/Makers-course/Week-5/makers_bnb/spec/features/user_signing_up_spec.rb": {
        "lines": [
          null,
          null,
          null,
          null,
          1,
          1,
          1,
          1,
          1,
          1,
          1,
          1,
          null,
          1,
          1,
          null,
          null
        ]
      },
      "/Users/jordanmanu/Makers-course/Week-5/makers_bnb/spec/spaces_spec.rb": {
        "lines": [
          1,
          null,
          1,
          4,
          1,
          1,
          1,
          null,
          null,
          null,
          1,
          1,
          1,
          null,
          null,
          null,
          1,
          1,
          1,
          null,
          null,
          null,
          1,
          1,
          1,
          1,
          1,
          null,
          null,
          null,
          1,
          1,
          1,
          null,
          1,
          1,
          1,
          null,
          null,
          null,
          1,
          1,
          1,
          1,
          null,
          1,
          1,
          null,
          null,
          null
        ]
      },
      "/Users/jordanmanu/Makers-course/Week-5/makers_bnb/spec/users_spec.rb": {
        "lines": [
          1,
          1,
          null,
          1,
          1,
          1,
          1,
          null,
          null,
          null,
          null,
          1,
          null,
          1,
          1,
          1,
          null,
          null,
          null,
          1,
          1,
          1,
          1,
          null,
          1,
          1,
          null,
          null,
          null
        ]
      }
    },
    "timestamp": 1650548641
  }
}
